<?xml version="1.0" encoding="UTF-8"?>
<!-- Generated by org.testng.reporters.JUnitReportReporter -->
<testsuite skipped="0" hostname="DESKTOP-J8G5JLV" name="Launch_Appium" tests="1" failures="0" timestamp="2021-06-14T15:03:31 IST" time="114.216" errors="0">
  <testcase name="launch_url" time="114.216" classname="Launch_Appium"/>
  <system-out/>
</testsuite> <!-- Launch_Appium -->
